<?xml version="1.0" encoding="UTF-8"?>
<!-- Generated by org.testng.reporters.JUnitReportReporter -->
<testsuite skipped="0" hostname="madhav-PC" name="com.test.automation.PcBuild.TC002_Lowest_Price_Comparison" tests="1" failures="0" timestamp="21 Jul 2018 14:36:22 GMT" time="0.494" errors="0">
  <testcase name="lowestprice" time="0.494" classname="com.test.automation.PcBuild.TC002_Lowest_Price_Comparison"/>
</testsuite> <!-- com.test.automation.PcBuild.TC002_Lowest_Price_Comparison -->
