<?xml version="1.0" encoding="UTF-8"?>
<!-- Generated by org.testng.reporters.JUnitReportReporter -->
<testsuite skipped="0" hostname="madhav-PC" name="com.test.automation.PcBuild.TC001_Get_Price_Details" tests="3" failures="0" timestamp="20 Mar 2018 17:05:50 GMT" time="319.930" errors="0">
  <testcase name="Get_Computer_Parts_Prices" time="132.336" classname="com.test.automation.PcBuild.TC001_Get_Price_Details"/>
  <testcase name="Get_Computer_Parts_Prices" time="105.112" classname="com.test.automation.PcBuild.TC001_Get_Price_Details"/>
  <testcase name="Get_Computer_Parts_Prices" time="82.482" classname="com.test.automation.PcBuild.TC001_Get_Price_Details"/>
</testsuite> <!-- com.test.automation.PcBuild.TC001_Get_Price_Details -->
