<?xml version="1.0" encoding="UTF-8"?>
<!-- Generated by org.testng.reporters.JUnitReportReporter -->
<testsuite skipped="0" hostname="madhav-PC" name="com.test.automation.PcBuild.TC001_Get_Price_Details" tests="3" failures="0" timestamp="21 Jul 2018 14:36:22 GMT" time="268.688" errors="0">
  <testcase name="Get_Computer_Parts_Prices" time="59.046" classname="com.test.automation.PcBuild.TC001_Get_Price_Details"/>
  <testcase name="Get_Computer_Parts_Prices" time="64.827" classname="com.test.automation.PcBuild.TC001_Get_Price_Details"/>
  <testcase name="Get_Computer_Parts_Prices" time="144.815" classname="com.test.automation.PcBuild.TC001_Get_Price_Details"/>
</testsuite> <!-- com.test.automation.PcBuild.TC001_Get_Price_Details -->
