<?xml version="1.0" encoding="UTF-8"?>
<!-- Generated by org.testng.reporters.JUnitReportReporter -->
<testsuite skipped="0" hostname="madhav-PC" name="com.test.automation.PcBuild.TC0003_Total_Cost_Value" tests="1" failures="0" timestamp="21 Jul 2018 14:36:22 GMT" time="0.450" errors="0">
  <testcase name="Total_Cost" time="0.450" classname="com.test.automation.PcBuild.TC0003_Total_Cost_Value"/>
</testsuite> <!-- com.test.automation.PcBuild.TC0003_Total_Cost_Value -->
