<?xml version="1.0" encoding="UTF-8"?>
<!-- Generated by org.testng.reporters.JUnitReportReporter -->
<testsuite skipped="0" hostname="madhav-PC" name="com.test.automation.PcBuild.TC002_Lowest_Price_Comparison" tests="1" failures="0" timestamp="20 Mar 2018 17:05:50 GMT" time="1.264" errors="0">
  <testcase name="lowestprice" time="1.264" classname="com.test.automation.PcBuild.TC002_Lowest_Price_Comparison"/>
</testsuite> <!-- com.test.automation.PcBuild.TC002_Lowest_Price_Comparison -->
