<?xml version="1.0" encoding="UTF-8"?>
<!-- Generated by org.testng.reporters.JUnitReportReporter -->
<testsuite hostname="madhav-PC" name="com.test.automation.PcBuild.TC001_Get_Price_Details" tests="3" failures="0" timestamp="29 Sep 2018 11:17:42 GMT" time="358.152" errors="0">
  <testcase name="Get_Computer_Parts_Prices" time="171.611" classname="com.test.automation.PcBuild.TC001_Get_Price_Details"/>
  <testcase name="Get_Computer_Parts_Prices" time="102.447" classname="com.test.automation.PcBuild.TC001_Get_Price_Details"/>
  <testcase name="Get_Computer_Parts_Prices" time="84.094" classname="com.test.automation.PcBuild.TC001_Get_Price_Details"/>
</testsuite> <!-- com.test.automation.PcBuild.TC001_Get_Price_Details -->
