<?xml version="1.0" encoding="UTF-8"?>
<!-- Generated by org.testng.reporters.JUnitReportReporter -->
<testsuite hostname="madhav-PC" name="com.test.automation.PcBuild.TC0003_Total_Cost_Value" tests="1" failures="0" timestamp="29 Sep 2018 11:17:42 GMT" time="5.027" errors="0">
  <testcase name="Total_Cost" time="5.027" classname="com.test.automation.PcBuild.TC0003_Total_Cost_Value"/>
</testsuite> <!-- com.test.automation.PcBuild.TC0003_Total_Cost_Value -->
