<?xml version="1.0" encoding="UTF-8"?>
<!-- Generated by org.testng.reporters.JUnitReportReporter -->
<testsuite hostname="madhav-PC" name="com.test.automation.PcBuild.TC002_Lowest_Price_Comparison" tests="1" failures="0" timestamp="29 Sep 2018 11:17:42 GMT" time="0.501" errors="0">
  <testcase name="lowestprice" time="0.501" classname="com.test.automation.PcBuild.TC002_Lowest_Price_Comparison"/>
</testsuite> <!-- com.test.automation.PcBuild.TC002_Lowest_Price_Comparison -->
